# JRE version: Java(TM) SE Runtime Environment (8.0_171-b11) (build 1.8.0_171-b11)
# Java VM: Java HotSpot(TM) 64-Bit Server VM (25.171-b11 mixed mode windows-amd64 compressed oops)
Heap:
 PSYoungGen      total 74752K, used 59652K [0x00000000d5a00000, 0x00000000dab00000, 0x0000000100000000)
  eden space 66560K, 89% used [0x00000000d5a00000,0x00000000d94412f8,0x00000000d9b00000)
  from space 8192K, 0% used [0x00000000da300000,0x00000000da300000,0x00000000dab00000)
  to   space 8192K, 0% used [0x00000000d9b00000,0x00000000d9b00000,0x00000000da300000)
 ParOldGen       total 48128K, used 6962K [0x0000000080e00000, 0x0000000083d00000, 0x00000000d5a00000)
  object space 48128K, 14% used [0x0000000080e00000,0x00000000814cc970,0x0000000083d00000)
 Metaspace       used 25004K, capacity 25770K, committed 25856K, reserved 1071104K
  class space    used 3113K, capacity 3313K, committed 3328K, reserved 1048576K
GC Heap History (10 events):
Event: 5.661 GC heap before
{Heap before GC invocations=3 (full 0):
 PSYoungGen      total 38400K, used 38371K [0x00000000d5a00000, 0x00000000d8480000, 0x0000000100000000)
  eden space 33280K, 100% used [0x00000000d5a00000,0x00000000d7a80000,0x00000000d7a80000)
  from space 5120K, 99% used [0x00000000d7f80000,0x00000000d8478f80,0x00000000d8480000)
  to   space 5120K, 0% used [0x00000000d7a80000,0x00000000d7a80000,0x00000000d7f80000)
 ParOldGen       total 87552K, used 286K [0x0000000080e00000, 0x0000000086380000, 0x00000000d5a00000)
  object space 87552K, 0% used [0x0000000080e00000,0x0000000080e47a20,0x0000000086380000)
 Metaspace       used 15003K, capacity 15564K, committed 15744K, reserved 1062912K
  class space    used 1957K, capacity 2112K, committed 2176K, reserved 1048576K
Event: 5.667 GC heap after
Heap after GC invocations=3 (full 0):
 PSYoungGen      total 38400K, used 5094K [0x00000000d5a00000, 0x00000000d8480000, 0x0000000100000000)
  eden space 33280K, 0% used [0x00000000d5a00000,0x00000000d5a00000,0x00000000d7a80000)
  from space 5120K, 99% used [0x00000000d7a80000,0x00000000d7f79bf0,0x00000000d7f80000)
  to   space 5120K, 0% used [0x00000000d7f80000,0x00000000d7f80000,0x00000000d8480000)
 ParOldGen       total 87552K, used 1402K [0x0000000080e00000, 0x0000000086380000, 0x00000000d5a00000)
  object space 87552K, 1% used [0x0000000080e00000,0x0000000080f5ebd0,0x0000000086380000)
 Metaspace       used 15003K, capacity 15564K, committed 15744K, reserved 1062912K
  class space    used 1957K, capacity 2112K, committed 2176K, reserved 1048576K
}
Event: 6.091 GC heap before
{Heap before GC invocations=4 (full 0):
 PSYoungGen      total 38400K, used 38374K [0x00000000d5a00000, 0x00000000d8480000, 0x0000000100000000)
  eden space 33280K, 100% used [0x00000000d5a00000,0x00000000d7a80000,0x00000000d7a80000)
  from space 5120K, 99% used [0x00000000d7a80000,0x00000000d7f79bf0,0x00000000d7f80000)
  to   space 5120K, 0% used [0x00000000d7f80000,0x00000000d7f80000,0x00000000d8480000)
 ParOldGen       total 87552K, used 1402K [0x0000000080e00000, 0x0000000086380000, 0x00000000d5a00000)
  object space 87552K, 1% used [0x0000000080e00000,0x0000000080f5ebd0,0x0000000086380000)
 Metaspace       used 18673K, capacity 19214K, committed 19456K, reserved 1067008K
  class space    used 2381K, capacity 2531K, committed 2560K, reserved 1048576K
Event: 6.097 GC heap after
Heap after GC invocations=4 (full 0):
 PSYoungGen      total 38400K, used 5098K [0x00000000d5a00000, 0x00000000d8480000, 0x0000000100000000)
  eden space 33280K, 0% used [0x00000000d5a00000,0x00000000d5a00000,0x00000000d7a80000)
  from space 5120K, 99% used [0x00000000d7f80000,0x00000000d847a978,0x00000000d8480000)
  to   space 5120K, 0% used [0x00000000d7a80000,0x00000000d7a80000,0x00000000d7f80000)
 ParOldGen       total 87552K, used 3806K [0x0000000080e00000, 0x0000000086380000, 0x00000000d5a00000)
  object space 87552K, 4% used [0x0000000080e00000,0x00000000811b7bb8,0x0000000086380000)
 Metaspace       used 18673K, capacity 19214K, committed 19456K, reserved 1067008K
  class space    used 2381K, capacity 2531K, committed 2560K, reserved 1048576K
}
Event: 6.158 GC heap before
{Heap before GC invocations=5 (full 0):
 PSYoungGen      total 38400K, used 38378K [0x00000000d5a00000, 0x00000000d8480000, 0x0000000100000000)
  eden space 33280K, 100% used [0x00000000d5a00000,0x00000000d7a80000,0x00000000d7a80000)
  from space 5120K, 99% used [0x00000000d7f80000,0x00000000d847a978,0x00000000d8480000)
  to   space 5120K, 0% used [0x00000000d7a80000,0x00000000d7a80000,0x00000000d7f80000)
 ParOldGen       total 87552K, used 3806K [0x0000000080e00000, 0x0000000086380000, 0x00000000d5a00000)
  object space 87552K, 4% used [0x0000000080e00000,0x00000000811b7bb8,0x0000000086380000)
 Metaspace       used 19444K, capacity 19988K, committed 20352K, reserved 1067008K
  class space    used 2457K, capacity 2596K, committed 2688K, reserved 1048576K
Event: 6.163 GC heap after
Heap after GC invocations=5 (full 0):
 PSYoungGen      total 38400K, used 5088K [0x00000000d5a00000, 0x00000000dab00000, 0x0000000100000000)
  eden space 33280K, 0% used [0x00000000d5a00000,0x00000000d5a00000,0x00000000d7a80000)
  from space 5120K, 99% used [0x00000000d7a80000,0x00000000d7f780d0,0x00000000d7f80000)
  to   space 8192K, 0% used [0x00000000da300000,0x00000000da300000,0x00000000dab00000)
 ParOldGen       total 87552K, used 4425K [0x0000000080e00000, 0x0000000086380000, 0x00000000d5a00000)
  object space 87552K, 5% used [0x0000000080e00000,0x0000000081252508,0x0000000086380000)
 Metaspace       used 19444K, capacity 19988K, committed 20352K, reserved 1067008K
  class space    used 2457K, capacity 2596K, committed 2688K, reserved 1048576K
}
Event: 6.352 GC heap before
{Heap before GC invocations=6 (full 0):
 PSYoungGen      total 38400K, used 20342K [0x00000000d5a00000, 0x00000000dab00000, 0x0000000100000000)
  eden space 33280K, 45% used [0x00000000d5a00000,0x00000000d68e5800,0x00000000d7a80000)
  from space 5120K, 99% used [0x00000000d7a80000,0x00000000d7f780d0,0x00000000d7f80000)
  to   space 8192K, 0% used [0x00000000da300000,0x00000000da300000,0x00000000dab00000)
 ParOldGen       total 87552K, used 4425K [0x0000000080e00000, 0x0000000086380000, 0x00000000d5a00000)
  object space 87552K, 5% used [0x0000000080e00000,0x0000000081252508,0x0000000086380000)
 Metaspace       used 20523K, capacity 21044K, committed 21248K, reserved 1067008K
  class space    used 2585K, capacity 2730K, committed 2816K, reserved 1048576K
Event: 6.358 GC heap after
Heap after GC invocations=6 (full 0):
 PSYoungGen      total 74752K, used 6665K [0x00000000d5a00000, 0x00000000dab00000, 0x0000000100000000)
  eden space 66560K, 0% used [0x00000000d5a00000,0x00000000d5a00000,0x00000000d9b00000)
  from space 8192K, 81% used [0x00000000da300000,0x00000000da982458,0x00000000dab00000)
  to   space 8192K, 0% used [0x00000000d9b00000,0x00000000d9b00000,0x00000000da300000)
 ParOldGen       total 87552K, used 4433K [0x0000000080e00000, 0x0000000086380000, 0x00000000d5a00000)
  object space 87552K, 5% used [0x0000000080e00000,0x0000000081254508,0x0000000086380000)
 Metaspace       used 20523K, capacity 21044K, committed 21248K, reserved 1067008K
  class space    used 2585K, capacity 2730K, committed 2816K, reserved 1048576K
}
Event: 6.358 GC heap before
{Heap before GC invocations=7 (full 1):
 PSYoungGen      total 74752K, used 6665K [0x00000000d5a00000, 0x00000000dab00000, 0x0000000100000000)
  eden space 66560K, 0% used [0x00000000d5a00000,0x00000000d5a00000,0x00000000d9b00000)
  from space 8192K, 81% used [0x00000000da300000,0x00000000da982458,0x00000000dab00000)
  to   space 8192K, 0% used [0x00000000d9b00000,0x00000000d9b00000,0x00000000da300000)
 ParOldGen       total 87552K, used 4433K [0x0000000080e00000, 0x0000000086380000, 0x00000000d5a00000)
  object space 87552K, 5% used [0x0000000080e00000,0x0000000081254508,0x0000000086380000)
 Metaspace       used 20523K, capacity 21044K, committed 21248K, reserved 1067008K
  class space    used 2585K, capacity 2730K, committed 2816K, reserved 1048576K
Event: 6.384 GC heap after
Heap after GC invocations=7 (full 1):
 PSYoungGen      total 74752K, used 0K [0x00000000d5a00000, 0x00000000dab00000, 0x0000000100000000)
  eden space 66560K, 0% used [0x00000000d5a00000,0x00000000d5a00000,0x00000000d9b00000)
  from space 8192K, 0% used [0x00000000da300000,0x00000000da300000,0x00000000dab00000)
  to   space 8192K, 0% used [0x00000000d9b00000,0x00000000d9b00000,0x00000000da300000)
 ParOldGen       total 48128K, used 6962K [0x0000000080e00000, 0x0000000083d00000, 0x00000000d5a00000)
  object space 48128K, 14% used [0x0000000080e00000,0x00000000814cc970,0x0000000083d00000)
 Metaspace       used 20523K, capacity 21044K, committed 21248K, reserved 1067008K
  class space    used 2585K, capacity 2730K, committed 2816K, reserved 1048576K
}

