# JRE version: Java(TM) SE Runtime Environment (8.0_171-b11) (build 1.8.0_171-b11)
# Java VM: Java HotSpot(TM) 64-Bit Server VM (25.171-b11 mixed mode windows-amd64 compressed oops)
Heap:
 PSYoungGen      total 346112K, used 259562K [0x00000000d5a00000, 0x00000000ec280000, 0x0000000100000000)
  eden space 329216K, 78% used [0x00000000d5a00000,0x00000000e577a978,0x00000000e9b80000)
  from space 16896K, 0% used [0x00000000eb200000,0x00000000eb200000,0x00000000ec280000)
  to   space 19456K, 0% used [0x00000000e9c80000,0x00000000e9c80000,0x00000000eaf80000)
 ParOldGen       total 94720K, used 29587K [0x0000000080e00000, 0x0000000086a80000, 0x00000000d5a00000)
  object space 94720K, 31% used [0x0000000080e00000,0x0000000082ae4de8,0x0000000086a80000)
 Metaspace       used 70395K, capacity 72862K, committed 73136K, reserved 1112064K
  class space    used 9211K, capacity 9827K, committed 9952K, reserved 1048576K
GC Heap History (10 events):
Event: 4.913 GC heap before
{Heap before GC invocations=9 (full 1):
 PSYoungGen      total 141312K, used 103638K [0x00000000d5a00000, 0x00000000e5b00000, 0x0000000100000000)
  eden space 133120K, 71% used [0x00000000d5a00000,0x00000000db7376b8,0x00000000ddc00000)
  from space 8192K, 99% used [0x00000000ddc00000,0x00000000de3fe210,0x00000000de400000)
  to   space 10752K, 0% used [0x00000000e5080000,0x00000000e5080000,0x00000000e5b00000)
 ParOldGen       total 47616K, used 9393K [0x0000000080e00000, 0x0000000083c80000, 0x00000000d5a00000)
  object space 47616K, 19% used [0x0000000080e00000,0x000000008172c480,0x0000000083c80000)
 Metaspace       used 34587K, capacity 35984K, committed 36048K, reserved 1081344K
  class space    used 4341K, capacity 4598K, committed 4608K, reserved 1048576K
Event: 4.927 GC heap after
Heap after GC invocations=9 (full 1):
 PSYoungGen      total 247808K, used 10731K [0x00000000d5a00000, 0x00000000e5b00000, 0x0000000100000000)
  eden space 237056K, 0% used [0x00000000d5a00000,0x00000000d5a00000,0x00000000e4180000)
  from space 10752K, 99% used [0x00000000e5080000,0x00000000e5afaf58,0x00000000e5b00000)
  to   space 12288K, 0% used [0x00000000e4300000,0x00000000e4300000,0x00000000e4f00000)
 ParOldGen       total 47616K, used 9638K [0x0000000080e00000, 0x0000000083c80000, 0x00000000d5a00000)
  object space 47616K, 20% used [0x0000000080e00000,0x0000000081769a70,0x0000000083c80000)
 Metaspace       used 34587K, capacity 35984K, committed 36048K, reserved 1081344K
  class space    used 4341K, capacity 4598K, committed 4608K, reserved 1048576K
}
Event: 4.927 GC heap before
{Heap before GC invocations=10 (full 2):
 PSYoungGen      total 247808K, used 10731K [0x00000000d5a00000, 0x00000000e5b00000, 0x0000000100000000)
  eden space 237056K, 0% used [0x00000000d5a00000,0x00000000d5a00000,0x00000000e4180000)
  from space 10752K, 99% used [0x00000000e5080000,0x00000000e5afaf58,0x00000000e5b00000)
  to   space 12288K, 0% used [0x00000000e4300000,0x00000000e4300000,0x00000000e4f00000)
 ParOldGen       total 47616K, used 9638K [0x0000000080e00000, 0x0000000083c80000, 0x00000000d5a00000)
  object space 47616K, 20% used [0x0000000080e00000,0x0000000081769a70,0x0000000083c80000)
 Metaspace       used 34587K, capacity 35984K, committed 36048K, reserved 1081344K
  class space    used 4341K, capacity 4598K, committed 4608K, reserved 1048576K
Event: 4.984 GC heap after
Heap after GC invocations=10 (full 2):
 PSYoungGen      total 247808K, used 0K [0x00000000d5a00000, 0x00000000e5b00000, 0x0000000100000000)
  eden space 237056K, 0% used [0x00000000d5a00000,0x00000000d5a00000,0x00000000e4180000)
  from space 10752K, 0% used [0x00000000e5080000,0x00000000e5080000,0x00000000e5b00000)
  to   space 12288K, 0% used [0x00000000e4300000,0x00000000e4300000,0x00000000e4f00000)
 ParOldGen       total 68608K, used 16138K [0x0000000080e00000, 0x0000000085100000, 0x00000000d5a00000)
  object space 68608K, 23% used [0x0000000080e00000,0x0000000081dc2a70,0x0000000085100000)
 Metaspace       used 34587K, capacity 35984K, committed 36048K, reserved 1081344K
  class space    used 4341K, capacity 4598K, committed 4608K, reserved 1048576K
}
Event: 8.053 GC heap before
{Heap before GC invocations=11 (full 2):
 PSYoungGen      total 247808K, used 237056K [0x00000000d5a00000, 0x00000000e5b00000, 0x0000000100000000)
  eden space 237056K, 100% used [0x00000000d5a00000,0x00000000e4180000,0x00000000e4180000)
  from space 10752K, 0% used [0x00000000e5080000,0x00000000e5080000,0x00000000e5b00000)
  to   space 12288K, 0% used [0x00000000e4300000,0x00000000e4300000,0x00000000e4f00000)
 ParOldGen       total 68608K, used 16138K [0x0000000080e00000, 0x0000000085100000, 0x00000000d5a00000)
  object space 68608K, 23% used [0x0000000080e00000,0x0000000081dc2a70,0x0000000085100000)
 Metaspace       used 50308K, capacity 51968K, committed 52304K, reserved 1095680K
  class space    used 6423K, capacity 6752K, committed 6784K, reserved 1048576K
Event: 8.074 GC heap after
Heap after GC invocations=11 (full 2):
 PSYoungGen      total 250880K, used 12258K [0x00000000d5a00000, 0x00000000ec280000, 0x0000000100000000)
  eden space 238592K, 0% used [0x00000000d5a00000,0x00000000d5a00000,0x00000000e4300000)
  from space 12288K, 99% used [0x00000000e4300000,0x00000000e4ef8958,0x00000000e4f00000)
  to   space 16896K, 0% used [0x00000000eb200000,0x00000000eb200000,0x00000000ec280000)
 ParOldGen       total 68608K, used 24507K [0x0000000080e00000, 0x0000000085100000, 0x00000000d5a00000)
  object space 68608K, 35% used [0x0000000080e00000,0x00000000825eec28,0x0000000085100000)
 Metaspace       used 50308K, capacity 51968K, committed 52304K, reserved 1095680K
  class space    used 6423K, capacity 6752K, committed 6784K, reserved 1048576K
}
Event: 17.016 GC heap before
{Heap before GC invocations=12 (full 2):
 PSYoungGen      total 250880K, used 117795K [0x00000000d5a00000, 0x00000000ec280000, 0x0000000100000000)
  eden space 238592K, 44% used [0x00000000d5a00000,0x00000000dc110310,0x00000000e4300000)
  from space 12288K, 99% used [0x00000000e4300000,0x00000000e4ef8958,0x00000000e4f00000)
  to   space 16896K, 0% used [0x00000000eb200000,0x00000000eb200000,0x00000000ec280000)
 ParOldGen       total 68608K, used 24507K [0x0000000080e00000, 0x0000000085100000, 0x00000000d5a00000)
  object space 68608K, 35% used [0x0000000080e00000,0x00000000825eec28,0x0000000085100000)
 Metaspace       used 57908K, capacity 59844K, committed 60080K, reserved 1101824K
  class space    used 7410K, capacity 7834K, committed 7904K, reserved 1048576K
Event: 17.034 GC heap after
Heap after GC invocations=12 (full 2):
 PSYoungGen      total 346112K, used 16890K [0x00000000d5a00000, 0x00000000ec280000, 0x0000000100000000)
  eden space 329216K, 0% used [0x00000000d5a00000,0x00000000d5a00000,0x00000000e9b80000)
  from space 16896K, 99% used [0x00000000eb200000,0x00000000ec27eb28,0x00000000ec280000)
  to   space 19456K, 0% used [0x00000000e9c80000,0x00000000e9c80000,0x00000000eaf80000)
 ParOldGen       total 68608K, used 25004K [0x0000000080e00000, 0x0000000085100000, 0x00000000d5a00000)
  object space 68608K, 36% used [0x0000000080e00000,0x000000008266b1f8,0x0000000085100000)
 Metaspace       used 57908K, capacity 59844K, committed 60080K, reserved 1101824K
  class space    used 7410K, capacity 7834K, committed 7904K, reserved 1048576K
}
Event: 17.034 GC heap before
{Heap before GC invocations=13 (full 3):
 PSYoungGen      total 346112K, used 16890K [0x00000000d5a00000, 0x00000000ec280000, 0x0000000100000000)
  eden space 329216K, 0% used [0x00000000d5a00000,0x00000000d5a00000,0x00000000e9b80000)
  from space 16896K, 99% used [0x00000000eb200000,0x00000000ec27eb28,0x00000000ec280000)
  to   space 19456K, 0% used [0x00000000e9c80000,0x00000000e9c80000,0x00000000eaf80000)
 ParOldGen       total 68608K, used 25004K [0x0000000080e00000, 0x0000000085100000, 0x00000000d5a00000)
  object space 68608K, 36% used [0x0000000080e00000,0x000000008266b1f8,0x0000000085100000)
 Metaspace       used 57908K, capacity 59844K, committed 60080K, reserved 1101824K
  class space    used 7410K, capacity 7834K, committed 7904K, reserved 1048576K
Event: 17.164 GC heap after
Heap after GC invocations=13 (full 3):
 PSYoungGen      total 346112K, used 0K [0x00000000d5a00000, 0x00000000ec280000, 0x0000000100000000)
  eden space 329216K, 0% used [0x00000000d5a00000,0x00000000d5a00000,0x00000000e9b80000)
  from space 16896K, 0% used [0x00000000eb200000,0x00000000eb200000,0x00000000ec280000)
  to   space 19456K, 0% used [0x00000000e9c80000,0x00000000e9c80000,0x00000000eaf80000)
 ParOldGen       total 94720K, used 29587K [0x0000000080e00000, 0x0000000086a80000, 0x00000000d5a00000)
  object space 94720K, 31% used [0x0000000080e00000,0x0000000082ae4de8,0x0000000086a80000)
 Metaspace       used 57908K, capacity 59844K, committed 60080K, reserved 1101824K
  class space    used 7410K, capacity 7834K, committed 7904K, reserved 1048576K
}

